Run 1:  Thu May 14 08:20:20 2020.  Sonn.1.12345.
        Em version 14.52 (32-bit LNX-86) on localhost.localdomain local.

  Project:  /home/eslam/Desktop/Resonators_Superconductor.son.

    Frequency:  4 GHZ
      Subsectioning at 4 GHz with Eeff of 6.45.
      Subsectioning time:  41 minutes 19 seconds.
      De-embedding information for left box wall port(s):
        Left SOC Electric Wall: 2500 microns length, 276 subsections, 73 MB.
        Left SOC Magnetic Wall: 5000 microns length, 261 subsections, 73 MB.
      De-embedding information for right box wall port(s):
        Right SOC Electric Wall: 2500 microns length, 276 subsections, 73 MB.
        Right SOC Magnetic Wall: 5000 microns length, 261 subsections, 73 MB.
      Em license feature:  emhighperformance.
      Circuit requires 6651 subsections and 717 MB of memory.

      Subsections by level and type:
      Level 0:
        Staircase:  6651

      Required memory by type:
        System matrix:            337 MB
        Elemental subsections:
          Primary structure:      123 MB
          Left standard:          116 MB
          Right standard:         116 MB
        Fourier transform:        19 MB
        Waveguide mode:           4 MB
        Adaptive band synthesis:  0 MB
        Miscellaneous:            1 MB
        TOTAL REQUIRED MEMORY:    717 MB

      Matrix solver:  internal 32-bit SSE with loss.
      Simulation mode:  local machine.
      Threads:  using 4 thread(s), 4 core(s) available.
      Waveguide mode time:  1 second.

Analysis stopped Thu May 14 09:15:12 2020 with signal 2.
