Run 1:  Sat May 16 02:26:40 2020.  Sonn.1.12345.
        Em version 14.52 (32-bit LNX-86) on localhost.localdomain local.

  Project:  /home/eslam/Desktop/Resonators_Unit_v1.1_NbN.son.

    Frequency:  4 GHZ
      Subsectioning at 6 GHz with Eeff of 6.45.
      Subsectioning time:  5 minutes 21 seconds.
      De-embedding information for left box wall port(s):
        Left SOC Electric Wall: 900 microns length, 581 subsections, 18 MB.
        Left SOC Magnetic Wall: 1800 microns length, 559 subsections, 18 MB.
      De-embedding information for right box wall port(s):
        Right SOC Electric Wall: 900 microns length, 581 subsections, 18 MB.
        Right SOC Magnetic Wall: 1800 microns length, 559 subsections, 18 MB.
      Em license feature:  emhighperformance.
      Circuit requires 5642 subsections (791823 CM Cells) and 316 MB of memory.

      Subsections by level and type:
      Level 0:
        Staircase:  5450
        Conformal:  192

      Required memory by type:
        System matrix:            243 MB
        Elemental subsections:
          Primary structure:      21 MB
          Left standard:          22 MB
          Right standard:         22 MB
        Fourier transform:        4 MB
        Waveguide mode:           2 MB
        Adaptive band synthesis:  1 MB
        Miscellaneous:            1 MB
        TOTAL REQUIRED MEMORY:    316 MB

      Matrix solver:  internal 32-bit SSE with loss.
      Simulation mode:  local machine.
      Threads:  using 4 thread(s), 4 core(s) available.
      Waveguide mode time:  0 seconds.
      Fourier transform time:  0 seconds.
      Coupling time:  7 minutes 22 seconds.
      Loss time:  7 seconds.
      Matrix fill time:  7 minutes 29 seconds.
      Matrix solve time:  44 seconds.
      De-embedding time for left box wall:
        SOC Electric Wall Std: 14 seconds.
        SOC Magnetic Wall Std: 14 seconds.
        Total:                 28 seconds.
      Total time per frequency:  8 minutes 51 seconds.

    Frequency:  6 GHZ
      Total time per frequency:  8 minutes 41 seconds.
      ABS time:  1 second.

    Frequency:  5 GHZ
      Total time per frequency:  8 minutes 37 seconds.
      ABS time:  1 second.

    Frequency:  5.58 GHZ
      Total time per frequency:  8 minutes 3 seconds.
      ABS time:  1 second.

    Post-Analysis:
      Total time for 4 frequencies:  39 minutes 34 seconds.

Analysis completed Sat May 16 03:06:14 2020.


Run 2:  Sat May 16 03:12:47 2020.  Sonn.1.12345.
        Em version 14.52 (32-bit LNX-86) on localhost.localdomain local.

  Project:  /home/eslam/Desktop/Resonators_Unit_v1.1_NbN.son.

    Frequency:  3 GHZ
      Subsectioning at 6 GHz with Eeff of 6.45.
      Subsectioning time:  5 minutes 39 seconds.
      De-embedding information for left box wall port(s):
        Left SOC Electric Wall: 900 microns length, 581 subsections, 18 MB.
        Left SOC Magnetic Wall: 1800 microns length, 559 subsections, 18 MB.
      De-embedding information for right box wall port(s):
        Right SOC Electric Wall: 900 microns length, 581 subsections, 18 MB.
        Right SOC Magnetic Wall: 1800 microns length, 559 subsections, 18 MB.
      Em license feature:  emhighperformance.
      Circuit requires 5642 subsections (791823 CM Cells) and 316 MB of memory.

      Subsections by level and type:
      Level 0:
        Staircase:  5450
        Conformal:  192

      Required memory by type:
        System matrix:            243 MB
        Elemental subsections:
          Primary structure:      21 MB
          Left standard:          22 MB
          Right standard:         22 MB
        Fourier transform:        4 MB
        Waveguide mode:           2 MB
        Adaptive band synthesis:  1 MB
        Miscellaneous:            1 MB
        TOTAL REQUIRED MEMORY:    316 MB

      Matrix solver:  internal 32-bit SSE with loss.
      Simulation mode:  local machine.
      Threads:  using 4 thread(s), 4 core(s) available.
      Waveguide mode time:  0 seconds.
      Fourier transform time:  3 seconds.
      Coupling time:  7 minutes 25 seconds.
      Loss time:  6 seconds.
      Matrix fill time:  7 minutes 34 seconds.
      Matrix solve time:  46 seconds.
      De-embedding time for left box wall:
        SOC Electric Wall Std: 12 seconds.
        SOC Magnetic Wall Std: 15 seconds.
        Total:                 27 seconds.
      Total time per frequency:  8 minutes 57 seconds.

    Frequency:  6 GHZ
      Total time per frequency:  8 minutes 28 seconds.
      ABS time:  1 second.

    Frequency:  3.63 GHZ
      Total time per frequency:  8 minutes 25 seconds.
      ABS time:  0 seconds.

    Frequency:  3.49 GHZ
      Total time per frequency:  8 minutes 29 seconds.
      ABS time:  1 second.

    Post-Analysis:
      Total time for 4 frequencies:  39 minutes 59 seconds.

Analysis completed Sat May 16 03:52:47 2020.


Run 3:  Sat May 16 03:55:47 2020.  Sonn.1.12345.
        Em version 14.52 (32-bit LNX-86) on localhost.localdomain local.

  Project:  /home/eslam/Desktop/Resonators_Unit_v1.1_NbN.son.

    Frequency:  3.48 GHZ
      Subsectioning at 6 GHz with Eeff of 6.45.
      Subsectioning time:  5 minutes 52 seconds.
      De-embedding information for left box wall port(s):
        Left SOC Electric Wall: 900 microns length, 581 subsections, 18 MB.
        Left SOC Magnetic Wall: 1800 microns length, 559 subsections, 18 MB.
      De-embedding information for right box wall port(s):
        Right SOC Electric Wall: 900 microns length, 581 subsections, 18 MB.
        Right SOC Magnetic Wall: 1800 microns length, 559 subsections, 18 MB.
      Em license feature:  emhighperformance.
      Circuit requires 5642 subsections (791823 CM Cells) and 316 MB of memory.

      Subsections by level and type:
      Level 0:
        Staircase:  5450
        Conformal:  192

      Required memory by type:
        System matrix:            243 MB
        Elemental subsections:
          Primary structure:      21 MB
          Left standard:          22 MB
          Right standard:         22 MB
        Fourier transform:        4 MB
        Waveguide mode:           2 MB
        Adaptive band synthesis:  1 MB
        Miscellaneous:            1 MB
        TOTAL REQUIRED MEMORY:    316 MB

      Matrix solver:  internal 32-bit SSE with loss.
      Simulation mode:  local machine.
      Threads:  using 4 thread(s), 4 core(s) available.
      Waveguide mode time:  0 seconds.
      Fourier transform time:  0 seconds.
      Coupling time:  7 minutes 29 seconds.
      Loss time:  5 seconds.
      Matrix fill time:  7 minutes 34 seconds.
      Matrix solve time:  45 seconds.
      De-embedding time for left box wall:
        SOC Electric Wall Std: 22 seconds.
        SOC Magnetic Wall Std: 14 seconds.
        Total:                 36 seconds.
      Total time per frequency:  9 minutes 4 seconds.

    Frequency:  3.5 GHZ
      Total time per frequency:  8 minutes 32 seconds.
      ABS time:  0 seconds.

    Frequency:  3.4885 GHZ
      Total time per frequency:  8 minutes 10 seconds.
      ABS time:  0 seconds.

    Post-Analysis:
      Total time for 3 frequencies:  31 minutes 38 seconds.

Analysis completed Sat May 16 04:27:26 2020.
