Run 1:  Sat May 16 02:26:40 2020.  Sonn.1.12345.
        Em version 14.52 (32-bit LNX-86) on localhost.localdomain local.

  Project:  /home/eslam/Desktop/Resonators_Unit_v1.1_NbN.son.

    Frequency:  4 GHZ
      Frequency completed Sat May 16 02:40:52 2020.
      De-embedded S-Parameters. 50.0 Ohm Port Terminations.
      Magnitude/Angle. Touchstone Format. (S11 S21 S12 S22).
        4.00000000 0.129057 60.167 0.991587 -29.73 0.991587 -29.73 0.129059 60.332
        !< P1 F=4.0 Eeff=(10.6475413 -2.9472e-5) Z0=(62.9231362 -5.9786e-5) R=0.0 C=0.0 
        !< P2 F=4.0 Eeff=(10.6475413 -2.9472e-5) Z0=(62.9231362 -5.9786e-5) R=0.0 C=0.0 

    Frequency:  6 GHZ
      Frequency completed Sat May 16 02:49:33 2020.
      De-embedded S-Parameters. 50.0 Ohm Port Terminations.
      Magnitude/Angle. Touchstone Format. (S11 S21 S12 S22).
        6.00000000 0.183015 45.652 0.982970 -44.54 0.982970 -44.54 0.183031 45.175
        !< P1 F=6.0 Eeff=(10.6468604 -5.0105e-5) Z0=(62.9105386 -9.542e-5) R=0.0 C=0.0 
        !< P2 F=6.0 Eeff=(10.6468604 -5.0105e-5) Z0=(62.9105386 -9.542e-5) R=0.0 C=0.0 

    Frequency:  5 GHZ
      Frequency completed Sat May 16 02:58:10 2020.
      De-embedded S-Parameters. 50.0 Ohm Port Terminations.
      Magnitude/Angle. Touchstone Format. (S11 S21 S12 S22).
        5.00000000 0.156726 52.955 0.987557 -37.16 0.987557 -37.16 0.156734 52.656
        !< P1 F=5.0 Eeff=(10.6472158 -3.8833e-5) Z0=(62.9175488 -7.7704e-5) R=0.0 C=0.0 
        !< P2 F=5.0 Eeff=(10.6472158 -3.8833e-5) Z0=(62.9175488 -7.7704e-5) R=0.0 C=0.0 

    Frequency:  5.58 GHZ
      Frequency completed Sat May 16 03:06:13 2020.
      De-embedded S-Parameters. 50.0 Ohm Port Terminations.
      Magnitude/Angle. Touchstone Format. (S11 S21 S12 S22).
        5.58000000 0.172195 48.723 0.984949 -41.45 0.984949 -41.45 0.172207 48.311
        !< P1 F=5.58 Eeff=(10.6470115 -4.5087e-5) Z0=(62.9136639 -8.811e-5) R=0.0 C=0.0 
        !< P2 F=5.58 Eeff=(10.6470115 -4.5087e-5) Z0=(62.9136639 -8.811e-5) R=0.0 C=0.0 

  Minimum value of MAG[S21] is 0.98297 at 6 GHz.

Analysis completed Sat May 16 03:06:14 2020.


Run 2:  Sat May 16 03:12:47 2020.  Sonn.1.12345.
        Em version 14.52 (32-bit LNX-86) on localhost.localdomain local.

  Project:  /home/eslam/Desktop/Resonators_Unit_v1.1_NbN.son.

    Frequency:  3 GHZ
      Frequency completed Sat May 16 03:27:23 2020.
      De-embedded S-Parameters. 50.0 Ohm Port Terminations.
      Magnitude/Angle. Touchstone Format. (S11 S21 S12 S22).
        3.00000000 0.096598 67.949 0.995297 -22.46 0.995297 -22.46 0.096600 67.108
        !< P1 F=3.0 Eeff=(10.6478139 -2.1397e-5) Z0=(62.9273972 -4.2679e-5) R=0.0 C=0.0 
        !< P2 F=3.0 Eeff=(10.6478139 -2.1397e-5) Z0=(62.9273972 -4.2679e-5) R=0.0 C=0.0 

    Frequency:  6 GHZ
      Frequency completed Sat May 16 03:35:51 2020.
      De-embedded S-Parameters. 50.0 Ohm Port Terminations.
      Magnitude/Angle. Touchstone Format. (S11 S21 S12 S22).
        6.00000000 0.183015 45.652 0.982970 -44.54 0.982970 -44.54 0.183031 45.175
        !< P1 F=6.0 Eeff=(10.6468604 -5.0105e-5) Z0=(62.9105386 -9.542e-5) R=0.0 C=0.0 
        !< P2 F=6.0 Eeff=(10.6468604 -5.0105e-5) Z0=(62.9105386 -9.542e-5) R=0.0 C=0.0 

    Frequency:  3.63 GHZ
      Frequency completed Sat May 16 03:44:16 2020.
      De-embedded S-Parameters. 50.0 Ohm Port Terminations.
      Magnitude/Angle. Touchstone Format. (S11 S21 S12 S22).
        3.63000000 0.120974 62.393 0.992615 -26.80 0.992615 -26.80 0.120972 63.962
        !< P1 F=3.63 Eeff=(10.6476492 -2.636e-5) Z0=(62.9248633 -5.3333e-5) R=0.0 C=0.0 
        !< P2 F=3.63 Eeff=(10.6476492 -2.636e-5) Z0=(62.9248633 -5.3333e-5) R=0.0 C=0.0 

    Frequency:  3.49 GHZ
      Frequency completed Sat May 16 03:52:45 2020.
      De-embedded S-Parameters. 50.0 Ohm Port Terminations.
      Magnitude/Angle. Touchstone Format. (S11 S21 S12 S22).
        3.49000000 0.468811 65.901 0.882345 -4.044 0.882345 -4.044 0.468312 106.25
        !< P1 F=3.49 Eeff=(10.647688 -2.5223e-5) Z0=(62.9254703 -5.0928e-5) R=0.0 C=0.0 
        !< P2 F=3.49 Eeff=(10.647688 -2.5223e-5) Z0=(62.9254703 -5.0928e-5) R=0.0 C=0.0 

  Minimum value of MAG[S21] is 0.882345 at 3.49 GHz.

Analysis completed Sat May 16 03:52:47 2020.


Run 3:  Sat May 16 03:55:47 2020.  Sonn.1.12345.
        Em version 14.52 (32-bit LNX-86) on localhost.localdomain local.

  Project:  /home/eslam/Desktop/Resonators_Unit_v1.1_NbN.son.

    Frequency:  3.48 GHZ
      Frequency completed Sat May 16 04:10:43 2020.
      De-embedded S-Parameters. 50.0 Ohm Port Terminations.
      Magnitude/Angle. Touchstone Format. (S11 S21 S12 S22).
        3.48000000 0.055817 95.296 0.998376 -30.22 0.998376 -30.22 0.055839 24.294
        !< P1 F=3.48 Eeff=(10.6476907 -2.5143e-5) Z0=(62.9255127 -5.0758e-5) R=0.0 C=0.0 
        !< P2 F=3.48 Eeff=(10.6476907 -2.5143e-5) Z0=(62.9255127 -5.0758e-5) R=0.0 C=0.0 

    Frequency:  3.5 GHZ
      Frequency completed Sat May 16 04:19:15 2020.
      De-embedded S-Parameters. 50.0 Ohm Port Terminations.
      Magnitude/Angle. Touchstone Format. (S11 S21 S12 S22).
        3.50000000 0.163353 58.820 0.986512 -22.97 0.986512 -22.97 0.163291 75.217
        !< P1 F=3.5 Eeff=(10.6476853 -2.5304e-5) Z0=(62.9254278 -5.11e-5) R=0.0 C=0.0 
        !< P2 F=3.5 Eeff=(10.6476853 -2.5304e-5) Z0=(62.9254278 -5.11e-5) R=0.0 C=0.0 

    Frequency:  3.4885 GHZ
      Frequency completed Sat May 16 04:27:25 2020.
      De-embedded S-Parameters. 50.0 Ohm Port Terminations.
      Magnitude/Angle. Touchstone Format. (S11 S21 S12 S22).
        3.48850000 0.994350 123.12 0.010172 -83.77 0.010172 -83.77 0.992979 174.11
        !< P1 F=3.4885 Eeff=(10.6476884 -2.5212e-5) Z0=(62.9254767 -5.0903e-5) R=0.0 C=0.0 
        !< P2 F=3.4885 Eeff=(10.6476884 -2.5212e-5) Z0=(62.9254767 -5.0903e-5) R=0.0 C=0.0 

  Minimum value of MAG[S21] is 0.010172 at 3.4885 GHz.

Analysis completed Sat May 16 04:27:26 2020.
