Run 1:  Fri May 15 11:33:23 2020.  Sonn.1.12345.
        Em version 14.52 (32-bit LNX-86) on localhost.localdomain local.

  Project:  /home/eslam/Desktop/Resonators_Unit_v1.1_1.son.

    Frequency:  3 GHZ
      Subsectioning at 7 GHz with Eeff of 6.45.
      Subsectioning time:  5 minutes 34 seconds.
      De-embedding information for left box wall port(s):
        Left SOC Electric Wall: 900 microns length, 581 subsections, 18 MB.
        Left SOC Magnetic Wall: 1800 microns length, 559 subsections, 18 MB.
      De-embedding information for right box wall port(s):
        Right SOC Electric Wall: 900 microns length, 581 subsections, 18 MB.
        Right SOC Magnetic Wall: 1800 microns length, 559 subsections, 18 MB.
      Em license feature:  emhighperformance.
      Circuit requires 5646 subsections (791818 CM Cells) and 316 MB of memory.

      Subsections by level and type:
      Level 0:
        Staircase:  5450
        Conformal:  196

      Required memory by type:
        System matrix:            243 MB
        Elemental subsections:
          Primary structure:      21 MB
          Left standard:          22 MB
          Right standard:         22 MB
        Fourier transform:        4 MB
        Waveguide mode:           2 MB
        Adaptive band synthesis:  1 MB
        Miscellaneous:            1 MB
        TOTAL REQUIRED MEMORY:    316 MB

      Matrix solver:  internal 32-bit SSE with loss.
      Simulation mode:  local machine.
      Threads:  using 4 thread(s), 4 core(s) available.
      Waveguide mode time:  0 seconds.
      Fourier transform time:  2 seconds.
      Coupling time:  7 minutes 15 seconds.
      Loss time:  0 seconds.
      Matrix fill time:  7 minutes 17 seconds.
      Matrix solve time:  44 seconds.
      De-embedding time for left box wall:
        SOC Electric Wall Std: 16 seconds.
        SOC Magnetic Wall Std: 14 seconds.
        Total:                 30 seconds.
      Total time per frequency:  8 minutes 41 seconds.

    Frequency:  7 GHZ
      Total time per frequency:  8 minutes 36 seconds.
      ABS time:  0 seconds.

    Frequency:  5.22 GHZ
      Total time per frequency:  8 minutes 26 seconds.
      ABS time:  1 second.

    Frequency:  4.86 GHZ
      Total time per frequency:  8 minutes 44 seconds.
      ABS time:  1 second.

    Frequency:  4.84 GHZ
      Total time per frequency:  8 minutes 50 seconds.
      ABS time:  1 second.

    Post-Analysis:
      Total time for 5 frequencies:  48 minutes 52 seconds.

Analysis completed Fri May 15 12:22:15 2020.


Run 2:  Sat May 16 01:45:12 2020.  Sonn.1.12345.
        Em version 14.52 (32-bit LNX-86) on localhost.localdomain local.

  Project:  /home/eslam/Desktop/Resonators_Unit_v1.1_1.son.

    Frequency:  4.83 GHZ
      Subsectioning at 7 GHz with Eeff of 6.45.
      Subsectioning time:  5 minutes 25 seconds.
      De-embedding information for left box wall port(s):
        Left SOC Electric Wall: 900 microns length, 581 subsections, 18 MB.
        Left SOC Magnetic Wall: 1800 microns length, 559 subsections, 18 MB.
      De-embedding information for right box wall port(s):
        Right SOC Electric Wall: 900 microns length, 581 subsections, 18 MB.
        Right SOC Magnetic Wall: 1800 microns length, 559 subsections, 18 MB.
      Em license feature:  emhighperformance.
      Circuit requires 5646 subsections (791818 CM Cells) and 316 MB of memory.

      Subsections by level and type:
      Level 0:
        Staircase:  5450
        Conformal:  196

      Required memory by type:
        System matrix:            243 MB
        Elemental subsections:
          Primary structure:      21 MB
          Left standard:          22 MB
          Right standard:         22 MB
        Fourier transform:        4 MB
        Waveguide mode:           2 MB
        Adaptive band synthesis:  1 MB
        Miscellaneous:            1 MB
        TOTAL REQUIRED MEMORY:    316 MB

      Matrix solver:  internal 32-bit SSE with loss.
      Simulation mode:  local machine.
      Threads:  using 4 thread(s), 4 core(s) available.
      Waveguide mode time:  1 second.
      Fourier transform time:  3 seconds.
      Coupling time:  6 minutes 54 seconds.
      Loss time:  0 seconds.
      Matrix fill time:  6 minutes 58 seconds.
      Matrix solve time:  43 seconds.
      De-embedding time for left box wall:
        SOC Electric Wall Std: 16 seconds.
        SOC Magnetic Wall Std: 10 seconds.
        Total:                 26 seconds.
      Total time per frequency:  8 minutes 16 seconds.

    Frequency:  4.85 GHZ
      Total time per frequency:  8 minutes 28 seconds.
      ABS time:  1 second.

    Frequency:  4.8336 GHZ
      Total time per frequency:  7 minutes 41 seconds.
      ABS time:  0 seconds.

    Post-Analysis:
      Total time for 3 frequencies:  29 minutes 50 seconds.

Analysis completed Sat May 16 02:15:02 2020.


Run 3:  Sat May 16 15:25:34 2020.  Sonn.1.12345.
        Em version 14.52 (32-bit LNX-86) on localhost.localdomain local.

  Project:  /home/eslam/Desktop/Resonators_Unit_v1.1_1.son.

    Frequency:  4.832 GHZ
      Subsectioning at 7 GHz with Eeff of 6.45.
      Subsectioning time:  5 minutes 16 seconds.
      De-embedding information for left box wall port(s):
        Left SOC Electric Wall: 900 microns length, 581 subsections, 18 MB.
        Left SOC Magnetic Wall: 1800 microns length, 559 subsections, 18 MB.
      De-embedding information for right box wall port(s):
        Right SOC Electric Wall: 900 microns length, 581 subsections, 18 MB.
        Right SOC Magnetic Wall: 1800 microns length, 559 subsections, 18 MB.
      Em license feature:  emhighperformance.
      Circuit requires 5618 subsections (791836 CM Cells) and 313 MB of memory.

      Subsections by level and type:
      Level 0:
        Staircase:  5450
        Conformal:  168

      Required memory by type:
        System matrix:            241 MB
        Elemental subsections:
          Primary structure:      21 MB
          Left standard:          22 MB
          Right standard:         22 MB
        Fourier transform:        4 MB
        Waveguide mode:           2 MB
        Adaptive band synthesis:  0 MB
        Miscellaneous:            1 MB
        TOTAL REQUIRED MEMORY:    313 MB

      Matrix solver:  internal 32-bit SSE with loss.
      Simulation mode:  local machine.
      Threads:  using 4 thread(s), 4 core(s) available.
      Waveguide mode time:  0 seconds.
      Fourier transform time:  3 seconds.
      Coupling time:  6 minutes 34 seconds.
      Loss time:  0 seconds.
      Matrix fill time:  6 minutes 37 seconds.
      Matrix solve time:  41 seconds.
      De-embedding time for left box wall:
        SOC Electric Wall Std: 21 seconds.
        SOC Magnetic Wall Std: 16 seconds.
        Total:                 37 seconds.
      Total time per frequency:  8 minutes 5 seconds.

    Frequency:  4.8325 GHZ
      Total time per frequency:  7 minutes 59 seconds.

    Frequency:  4.833 GHZ
      Total time per frequency:  9 minutes 24 seconds.

    Frequency:  4.8335 GHZ
      Total time per frequency:  8 minutes 38 seconds.

    Frequency:  4.834 GHZ
      Total time per frequency:  8 minutes 36 seconds.

    Frequency:  4.8345 GHZ
      Total time per frequency:  8 minutes 28 seconds.

    Frequency:  4.835 GHZ
      Total time per frequency:  8 minutes 42 seconds.

    Post-Analysis:
      Total time for 7 frequencies:  1 hour 5 minutes.

Analysis completed Sat May 16 16:30:42 2020.


Run 4:  Sun May 17 07:33:11 2020.  Sonn.1.12345.
        Em version 14.52 (32-bit LNX-86) on localhost.localdomain local.

  Project:  /home/eslam/Desktop/Resonators_Unit_v1.1_1.son.

    Frequency:  4.8336 GHZ
      Subsectioning at 7 GHz with Eeff of 6.45.
      Subsectioning time:  5 minutes 27 seconds.
      De-embedding information for left box wall port(s):
        Left SOC Electric Wall: 900 microns length, 581 subsections, 18 MB.
        Left SOC Magnetic Wall: 1800 microns length, 559 subsections, 18 MB.
      De-embedding information for right box wall port(s):
        Right SOC Electric Wall: 900 microns length, 581 subsections, 18 MB.
        Right SOC Magnetic Wall: 1800 microns length, 559 subsections, 18 MB.
      Em license feature:  emhighperformance.
      Circuit requires 5618 subsections (791836 CM Cells) and 313 MB of memory.

      Subsections by level and type:
      Level 0:
        Staircase:  5450
        Conformal:  168

      Required memory by type:
        System matrix:            241 MB
        Elemental subsections:
          Primary structure:      21 MB
          Left standard:          22 MB
          Right standard:         22 MB
        Fourier transform:        4 MB
        Waveguide mode:           2 MB
        Adaptive band synthesis:  0 MB
        Miscellaneous:            1 MB
        TOTAL REQUIRED MEMORY:    313 MB

      Matrix solver:  internal 32-bit SSE with loss.
      Simulation mode:  local machine.
      Threads:  using 4 thread(s), 4 core(s) available.
      Waveguide mode time:  0 seconds.
      Fourier transform time:  1 second.
      Coupling time:  7 minutes 11 seconds.
      Loss time:  0 seconds.
      Matrix fill time:  7 minutes 12 seconds.
      Matrix solve time:  2 minutes 6 seconds.
      De-embedding time for left box wall:
        SOC Electric Wall Std: 23 seconds.
        SOC Magnetic Wall Std: 17 seconds.
        Total:                 40 seconds.
      Total time per frequency:  10 minutes 13 seconds.

    Frequency:  4.5 GHZ
      Total time per frequency:  9 minutes 50 seconds.

    Frequency:  5 GHZ
      Total time per frequency:  9 minutes 43 seconds.

    Post-Analysis:
      Total time for 3 frequencies:  35 minutes 13 seconds.

Analysis completed Sun May 17 08:08:24 2020.


Run 5:  Sun May 17 08:46:11 2020.  Sonn.1.12345.
        Em version 14.52 (32-bit LNX-86) on localhost.localdomain local.

  Project:  /home/eslam/Desktop/Resonators_Unit_v1.1_1.son.

    Frequency:  4.8337 GHZ
      Subsectioning at 7 GHz with Eeff of 6.45.
      Subsectioning time:  5 minutes 27 seconds.
      De-embedding information for left box wall port(s):
        Left SOC Electric Wall: 900 microns length, 581 subsections, 18 MB.
        Left SOC Magnetic Wall: 1800 microns length, 559 subsections, 18 MB.
      De-embedding information for right box wall port(s):
        Right SOC Electric Wall: 900 microns length, 581 subsections, 18 MB.
        Right SOC Magnetic Wall: 1800 microns length, 559 subsections, 18 MB.
      Em license feature:  emhighperformance.
      Circuit requires 5618 subsections (791836 CM Cells) and 313 MB of memory.

      Subsections by level and type:
      Level 0:
        Staircase:  5450
        Conformal:  168

      Required memory by type:
        System matrix:            241 MB
        Elemental subsections:
          Primary structure:      21 MB
          Left standard:          22 MB
          Right standard:         22 MB
        Fourier transform:        4 MB
        Waveguide mode:           2 MB
        Adaptive band synthesis:  0 MB
        Miscellaneous:            1 MB
        TOTAL REQUIRED MEMORY:    313 MB

      Matrix solver:  internal 32-bit SSE with loss.
      Simulation mode:  local machine.
      Threads:  using 4 thread(s), 4 core(s) available.
      Waveguide mode time:  0 seconds.
      Fourier transform time:  0 seconds.
      Coupling time:  6 minutes 54 seconds.
      Loss time:  0 seconds.
      Matrix fill time:  6 minutes 54 seconds.
      Matrix solve time:  2 minutes 5 seconds.
      De-embedding time for left box wall:
        SOC Electric Wall Std: 16 seconds.
        SOC Magnetic Wall Std: 10 seconds.
        Total:                 26 seconds.
      Total time per frequency:  9 minutes 40 seconds.

    Post-Analysis:
      Total time for 1 frequency:  15 minutes 7 seconds.

Analysis completed Sun May 17 09:01:18 2020.
